

> frontend@0.1.0 lint
> next lint --fix

[1G[0K
[36m./src/components/settings.tsx[39m
[33m13[39m:[33m10[39m  [31m[1mError[22m[39m: 'useTodos' is defined but never used.  [90m[1m@typescript-eslint/no-unused-vars[22m[39m

[36m./src/components/statistics/StatisticsPage.tsx[39m
[33m8[39m:[33m51[39m  [31m[1mError[22m[39m: 'eachDayOfInterval' is defined but never used.  [90m[1m@typescript-eslint/no-unused-vars[22m[39m
[33m259[39m:[33m41[39m  [31m[1mError[22m[39m: 'index' is defined but never used.  [90m[1m@typescript-eslint/no-unused-vars[22m[39m

[36m./src/components/todo/TodoSidebar.tsx[39m
[33m7[39m:[33m22[39m  [31m[1mError[22m[39m: 'TodoItemType' is defined but never used.  [90m[1m@typescript-eslint/no-unused-vars[22m[39m
[33m73[39m:[33m11[39m  [31m[1mError[22m[39m: 'lastElement' is assigned a value but never used.  [90m[1m@typescript-eslint/no-unused-vars[22m[39m

[36m./src/contexts/AppContext.tsx[39m
[33m4[39m:[33m33[39m  [31m[1mError[22m[39m: 'PageType' is defined but never used.  [90m[1m@typescript-eslint/no-unused-vars[22m[39m
[33m4[39m:[33m43[39m  [31m[1mError[22m[39m: 'SidebarState' is defined but never used.  [90m[1m@typescript-eslint/no-unused-vars[22m[39m
[33m4[39m:[33m57[39m  [31m[1mError[22m[39m: 'CalendarState' is defined but never used.  [90m[1m@typescript-eslint/no-unused-vars[22m[39m
[33m18[39m:[33m23[39m  [31m[1mError[22m[39m: Unexpected any. Specify a different type.  [90m[1m@typescript-eslint/no-explicit-any[22m[39m
[33m23[39m:[33m19[39m  [31m[1mError[22m[39m: Unexpected any. Specify a different type.  [90m[1m@typescript-eslint/no-explicit-any[22m[39m

[36m./src/hooks/useCalendar.ts[39m
[33m3[39m:[33m10[39m  [31m[1mError[22m[39m: 'format' is defined but never used.  [90m[1m@typescript-eslint/no-unused-vars[22m[39m

[36m./src/hooks/useLocalStorage.ts[39m
[33m1[39m:[33m20[39m  [31m[1mError[22m[39m: 'useEffect' is defined but never used.  [90m[1m@typescript-eslint/no-unused-vars[22m[39m

[36m./src/hooks/useTodos.ts[39m
[33m1[39m:[33m10[39m  [31m[1mError[22m[39m: 'useState' is defined but never used.  [90m[1m@typescript-eslint/no-unused-vars[22m[39m
[33m1[39m:[33m20[39m  [31m[1mError[22m[39m: 'useEffect' is defined but never used.  [90m[1m@typescript-eslint/no-unused-vars[22m[39m

[36m./src/services/settingsService.ts[39m
[33m108[39m:[33m38[39m  [31m[1mError[22m[39m: Unexpected any. Specify a different type.  [90m[1m@typescript-eslint/no-explicit-any[22m[39m

[36m./src/utils/errorHandler.ts[39m
[33m12[39m:[33m55[39m  [31m[1mError[22m[39m: Unexpected any. Specify a different type.  [90m[1m@typescript-eslint/no-explicit-any[22m[39m
[33m12[39m:[33m65[39m  [31m[1mError[22m[39m: Unexpected any. Specify a different type.  [90m[1m@typescript-eslint/no-explicit-any[22m[39m
[33m40[39m:[33m60[39m  [31m[1mError[22m[39m: Unexpected any. Specify a different type.  [90m[1m@typescript-eslint/no-explicit-any[22m[39m
[33m50[39m:[33m57[39m  [31m[1mError[22m[39m: Unexpected any. Specify a different type.  [90m[1m@typescript-eslint/no-explicit-any[22m[39m

[36minfo[39m  - Need to disable some ESLint rules? Learn more here: https://nextjs.org/docs/app/api-reference/config/eslint#disabling-rules
[1G[0K⠙[1G[0K[1mnpm[22m [31merror[39m Lifecycle script `lint` failed with error:
[1G[0K⠙[1G[0K[1mnpm[22m [31merror[39m [94mcode[39m [33m1[39m
[1G[0K⠙[1G[0K[1mnpm[22m [31merror[39m [94mpath[39m /home/gytkk/workspace/todo/apps/frontend
[1G[0K⠙[1G[0K[1mnpm[22m [31merror[39m [94mworkspace[39m frontend@0.1.0
[1G[0K⠙[1G[0K[1mnpm[22m [31merror[39m [94mlocation[39m /home/gytkk/workspace/todo/apps/frontend
[1G[0K⠙[1G[0K[1mnpm[22m [31merror[39m command failed
[1G[0K⠙[1G[0K[1mnpm[22m [31merror[39m [94mcommand[39m sh -c next lint --fix
[1G[0K⠙[1G[0K
